[INFO][2025-03-04 10:16:05,446] XG_FP2.py:204	--	===============启动 XGBoost 特征筛选及训练工作===============
[INFO][2025-03-04 10:16:05,453] XG_FP2.py:215	--	读取 545 条 SMILES 数据
[INFO][2025-03-04 10:16:26,265] XG_FP2.py:219	--	生成了 545 条指纹数据，每个指纹有 882 位
[INFO][2025-03-04 10:16:26,267] XG_FP2.py:224	--	生成的数据框形状: (545, 883)
[INFO][2025-03-04 10:16:26,269] XG_FP2.py:231	--	读取 545 个特征
[INFO][2025-03-04 10:16:26,349] XG_FP2.py:259	--	存在特征索引文件，进行读取
[INFO][2025-03-04 10:16:26,349] XG_FP2.py:261	--	读取特征索引完成，索引内容: [6, 14, 19, 20, 46, 180, 181, 183, 188, 192, 199, 261, 286, 287, 299, 300, 305, 308, 347, 349, 356, 364, 378, 391, 392, 414, 418, 437, 440, 442, 445, 467, 483, 549, 577, 588, 596, 646, 647, 656, 667, 680, 688, 704, 713, 738, 755, 800, 819, 839]
[INFO][2025-03-04 10:16:26,358] XG_FP2.py:269	--	筛选后的特征矩阵形状为：(545, 50)
[INFO][2025-03-04 10:16:26,359] XG_FP2.py:270	--	选择的特征名称: ['PubchemFP6', 'PubchemFP14', 'PubchemFP19', 'PubchemFP20', 'PubchemFP46', 'PubchemFP180', 'PubchemFP181', 'PubchemFP183', 'PubchemFP188', 'PubchemFP192', 'PubchemFP199', 'PubchemFP261', 'PubchemFP286', 'PubchemFP287', 'PubchemFP299', 'PubchemFP300', 'PubchemFP305', 'PubchemFP308', 'PubchemFP347', 'PubchemFP349', 'PubchemFP356', 'PubchemFP364', 'PubchemFP378', 'PubchemFP391', 'PubchemFP392', 'PubchemFP414', 'PubchemFP418', 'PubchemFP437', 'PubchemFP440', 'PubchemFP442', 'PubchemFP445', 'PubchemFP467', 'PubchemFP483', 'PubchemFP549', 'PubchemFP577', 'PubchemFP588', 'PubchemFP596', 'PubchemFP646', 'PubchemFP647', 'PubchemFP656', 'PubchemFP667', 'PubchemFP680', 'PubchemFP688', 'PubchemFP704', 'PubchemFP713', 'PubchemFP738', 'PubchemFP755', 'PubchemFP800', 'PubchemFP819', 'PubchemFP839']
[INFO][2025-03-04 10:16:26,359] XG_FP2.py:274	--	将数据集按9:1划分为训练验证集(490个样本)和测试集(55个样本)
[INFO][2025-03-04 10:16:26,360] XG_FP2.py:278	--	将训练验证集按9:1划分为训练集(441个样本)和验证集(49个样本)
[INFO][2025-03-04 10:16:26,363] XG_FP2.py:294	--	使用训练验证集进行超参数优化和交叉验证
[INFO][2025-03-04 10:16:26,363] XG_FP2.py:297	--	开始进行超参数搜索（100轮）...
[INFO][2025-03-04 10:16:42,299] XG_FP2.py:302	--	最优超参数: {'n_estimators': 181, 'max_depth': 9, 'learning_rate': 0.20675534302955045, 'subsample': 0.7885409686274946, 'colsample_bytree': 0.6856580344088439, 'min_child_weight': 1}
[INFO][2025-03-04 10:16:42,299] XG_FP2.py:303	--	最优 RMSE: 0.3724
[INFO][2025-03-04 10:16:42,656] XG_FP2.py:336	--	Fold 1 - MSE: 0.0959, RMSE: 0.3097, R2: 0.6436, MAE: 0.2241, MAPE: 186.85%
[INFO][2025-03-04 10:16:43,034] XG_FP2.py:336	--	Fold 2 - MSE: 0.1699, RMSE: 0.4122, R2: 0.4950, MAE: 0.3092, MAPE: 218.85%
[INFO][2025-03-04 10:16:43,405] XG_FP2.py:336	--	Fold 3 - MSE: 0.1918, RMSE: 0.4379, R2: 0.3156, MAE: 0.3254, MAPE: 140.80%
[INFO][2025-03-04 10:16:43,758] XG_FP2.py:336	--	Fold 4 - MSE: 0.2856, RMSE: 0.5344, R2: 0.0114, MAE: 0.3903, MAPE: 451.25%
[INFO][2025-03-04 10:16:44,127] XG_FP2.py:336	--	Fold 5 - MSE: 0.1914, RMSE: 0.4375, R2: 0.5103, MAE: 0.3242, MAPE: 111.18%
[INFO][2025-03-04 10:16:44,531] XG_FP2.py:336	--	Fold 6 - MSE: 0.1727, RMSE: 0.4155, R2: 0.6561, MAE: 0.3233, MAPE: 113.86%
[INFO][2025-03-04 10:16:44,885] XG_FP2.py:336	--	Fold 7 - MSE: 0.2297, RMSE: 0.4793, R2: 0.4718, MAE: 0.3246, MAPE: 291.35%
[INFO][2025-03-04 10:16:45,234] XG_FP2.py:336	--	Fold 8 - MSE: 0.1340, RMSE: 0.3661, R2: 0.6767, MAE: 0.2901, MAPE: 139.44%
[INFO][2025-03-04 10:16:45,568] XG_FP2.py:336	--	Fold 9 - MSE: 0.2312, RMSE: 0.4808, R2: 0.5324, MAE: 0.3764, MAPE: 121.72%
[INFO][2025-03-04 10:16:45,881] XG_FP2.py:336	--	Fold 10 - MSE: 0.2218, RMSE: 0.4710, R2: 0.4247, MAE: 0.3759, MAPE: 202.61%
[INFO][2025-03-04 10:16:45,882] XG_FP2.py:340	--	10折交叉验证平均指标：
[INFO][2025-03-04 10:16:45,882] XG_FP2.py:341	--	MSE: 0.1924
[INFO][2025-03-04 10:16:45,882] XG_FP2.py:342	--	RMSE: 0.4344
[INFO][2025-03-04 10:16:45,882] XG_FP2.py:343	--	R2: 0.4738
[INFO][2025-03-04 10:16:45,882] XG_FP2.py:344	--	MAE: 0.3264
[INFO][2025-03-04 10:16:45,882] XG_FP2.py:345	--	MAPE: 197.79%
[INFO][2025-03-04 10:16:46,252] XG_FP2.py:386	--	最终评估指标：
[INFO][2025-03-04 10:16:46,252] XG_FP2.py:387	--	测试集 -> MSE: 0.1449, RMSE: 0.3807, R2: 0.6289, Adjusted R2: -4.0102, MAE: 0.2803, MAPE: 138.02%
[INFO][2025-03-04 10:16:46,474] XG_FP2.py:400	--	最终测试集评估指标：
[INFO][2025-03-04 10:16:46,474] XG_FP2.py:401	--	测试集 -> MSE: 0.1449, RMSE: 0.3807, R2: 0.6289, Adjusted R2: -4.0102, MAE: 0.2803, MAPE: 138.02%
[INFO][2025-03-04 10:16:46,477] XG_FP2.py:412	--	训练集和测试集的预测结果已保存到 './result/xgb_fp_train_results.csv' 和 './result/xgb_fp_test_results.csv'
[INFO][2025-03-04 10:16:46,521] XG_FP2.py:424	--	模型已保存到: logbbModel\xgb_fp_model.joblib
[INFO][2025-03-04 10:16:46,559] XG_FP2.py:433	--	模型加载成功，并且预测结果一致！
[INFO][2025-03-04 10:19:16,626] XG_FP2.py:204	--	===============启动 XGBoost 特征筛选及训练工作===============
[INFO][2025-03-04 10:19:16,629] XG_FP2.py:215	--	读取 545 条 SMILES 数据
[INFO][2025-03-04 10:19:35,316] XG_FP2.py:219	--	生成了 545 条指纹数据，每个指纹有 882 位
[INFO][2025-03-04 10:19:35,319] XG_FP2.py:224	--	生成的数据框形状: (545, 883)
[INFO][2025-03-04 10:19:35,321] XG_FP2.py:231	--	读取 545 个特征
[INFO][2025-03-04 10:19:35,395] XG_FP2.py:259	--	存在特征索引文件，进行读取
[INFO][2025-03-04 10:19:35,396] XG_FP2.py:261	--	读取特征索引完成，索引内容: [6, 14, 19, 20, 46, 180, 181, 183, 188, 192, 199, 261, 286, 287, 299, 300, 305, 308, 347, 349, 356, 364, 378, 391, 392, 414, 418, 437, 440, 442, 445, 467, 483, 549, 577, 588, 596, 646, 647, 656, 667, 680, 688, 704, 713, 738, 755, 800, 819, 839]
[INFO][2025-03-04 10:19:35,396] XG_FP2.py:269	--	筛选后的特征矩阵形状为：(545, 50)
[INFO][2025-03-04 10:19:35,396] XG_FP2.py:270	--	选择的特征名称: ['PubchemFP6', 'PubchemFP14', 'PubchemFP19', 'PubchemFP20', 'PubchemFP46', 'PubchemFP180', 'PubchemFP181', 'PubchemFP183', 'PubchemFP188', 'PubchemFP192', 'PubchemFP199', 'PubchemFP261', 'PubchemFP286', 'PubchemFP287', 'PubchemFP299', 'PubchemFP300', 'PubchemFP305', 'PubchemFP308', 'PubchemFP347', 'PubchemFP349', 'PubchemFP356', 'PubchemFP364', 'PubchemFP378', 'PubchemFP391', 'PubchemFP392', 'PubchemFP414', 'PubchemFP418', 'PubchemFP437', 'PubchemFP440', 'PubchemFP442', 'PubchemFP445', 'PubchemFP467', 'PubchemFP483', 'PubchemFP549', 'PubchemFP577', 'PubchemFP588', 'PubchemFP596', 'PubchemFP646', 'PubchemFP647', 'PubchemFP656', 'PubchemFP667', 'PubchemFP680', 'PubchemFP688', 'PubchemFP704', 'PubchemFP713', 'PubchemFP738', 'PubchemFP755', 'PubchemFP800', 'PubchemFP819', 'PubchemFP839']
[INFO][2025-03-04 10:19:35,397] XG_FP2.py:274	--	将数据集按9:1划分为训练验证集(490个样本)和测试集(55个样本)
[INFO][2025-03-04 10:19:35,398] XG_FP2.py:278	--	将训练验证集按9:1划分为训练集(441个样本)和验证集(49个样本)
[INFO][2025-03-04 10:19:35,400] XG_FP2.py:294	--	使用训练验证集进行超参数优化和交叉验证
[INFO][2025-03-04 10:19:35,400] XG_FP2.py:297	--	开始进行超参数搜索（100轮）...
[INFO][2025-03-04 10:19:48,426] XG_FP2.py:302	--	最优超参数: {'n_estimators': 227, 'max_depth': 9, 'learning_rate': 0.17855673059205587, 'subsample': 0.7111894352865882, 'colsample_bytree': 0.8637668224831426, 'min_child_weight': 1}
[INFO][2025-03-04 10:19:48,426] XG_FP2.py:303	--	最优 RMSE: 0.3737
[INFO][2025-03-04 10:19:48,795] XG_FP2.py:336	--	Fold 1 - MSE: 0.1387, RMSE: 0.3724, R2: 0.4847, MAE: 0.2512, MAPE: 193.15%
[INFO][2025-03-04 10:19:49,196] XG_FP2.py:336	--	Fold 2 - MSE: 0.1902, RMSE: 0.4362, R2: 0.4347, MAE: 0.3368, MAPE: 223.64%
[INFO][2025-03-04 10:19:49,542] XG_FP2.py:336	--	Fold 3 - MSE: 0.2364, RMSE: 0.4862, R2: 0.1563, MAE: 0.3477, MAPE: 170.62%
[INFO][2025-03-04 10:19:49,941] XG_FP2.py:336	--	Fold 4 - MSE: 0.2990, RMSE: 0.5468, R2: -0.0349, MAE: 0.3995, MAPE: 476.08%
[INFO][2025-03-04 10:19:50,284] XG_FP2.py:336	--	Fold 5 - MSE: 0.1961, RMSE: 0.4428, R2: 0.4984, MAE: 0.3250, MAPE: 136.73%
[INFO][2025-03-04 10:19:50,671] XG_FP2.py:336	--	Fold 6 - MSE: 0.1753, RMSE: 0.4186, R2: 0.6509, MAE: 0.3209, MAPE: 122.32%
[INFO][2025-03-04 10:19:51,035] XG_FP2.py:336	--	Fold 7 - MSE: 0.2450, RMSE: 0.4950, R2: 0.4368, MAE: 0.3381, MAPE: 327.81%
[INFO][2025-03-04 10:19:51,392] XG_FP2.py:336	--	Fold 8 - MSE: 0.1553, RMSE: 0.3941, R2: 0.6253, MAE: 0.3111, MAPE: 160.29%
[INFO][2025-03-04 10:19:51,806] XG_FP2.py:336	--	Fold 9 - MSE: 0.2250, RMSE: 0.4743, R2: 0.5448, MAE: 0.3876, MAPE: 168.51%
[INFO][2025-03-04 10:19:52,178] XG_FP2.py:336	--	Fold 10 - MSE: 0.2140, RMSE: 0.4626, R2: 0.4449, MAE: 0.3522, MAPE: 223.12%
[INFO][2025-03-04 10:19:52,178] XG_FP2.py:340	--	10折交叉验证平均指标：
[INFO][2025-03-04 10:19:52,179] XG_FP2.py:341	--	MSE: 0.2075
[INFO][2025-03-04 10:19:52,179] XG_FP2.py:342	--	RMSE: 0.4529
[INFO][2025-03-04 10:19:52,179] XG_FP2.py:343	--	R2: 0.4242
[INFO][2025-03-04 10:19:52,179] XG_FP2.py:344	--	MAE: 0.3370
[INFO][2025-03-04 10:19:52,179] XG_FP2.py:345	--	MAPE: 220.23%
[INFO][2025-03-04 10:19:52,535] XG_FP2.py:386	--	最终评估指标：
[INFO][2025-03-04 10:19:52,536] XG_FP2.py:387	--	测试集 -> MSE: 0.1333, RMSE: 0.3651, R2: 0.6586, Adjusted R2: -3.6087, MAE: 0.2708, MAPE: 109.12%
[INFO][2025-03-04 10:19:52,723] XG_FP2.py:400	--	最终测试集评估指标：
[INFO][2025-03-04 10:19:52,723] XG_FP2.py:401	--	测试集 -> MSE: 0.1333, RMSE: 0.3651, R2: 0.6586, Adjusted R2: -3.6087, MAE: 0.2708, MAPE: 109.12%
[INFO][2025-03-04 10:19:52,726] XG_FP2.py:412	--	训练集和测试集的预测结果已保存到 './result/xgb_fp_train_results.csv' 和 './result/xgb_fp_test_results.csv'
[INFO][2025-03-04 10:19:52,776] XG_FP2.py:424	--	模型已保存到: logbbModel\xgb_fp_model.joblib
[INFO][2025-03-04 10:19:52,816] XG_FP2.py:433	--	模型加载成功，并且预测结果一致！
[INFO][2025-03-04 10:29:15,897] XG_FP2.py:204	--	===============启动 XGBoost 特征筛选及训练工作===============
[INFO][2025-03-04 10:29:15,900] XG_FP2.py:215	--	读取 545 条 SMILES 数据
[INFO][2025-03-04 10:29:38,435] XG_FP2.py:204	--	===============启动 XGBoost 特征筛选及训练工作===============
[INFO][2025-03-04 10:29:38,437] XG_FP2.py:215	--	读取 545 条 SMILES 数据
[INFO][2025-03-04 10:29:55,415] XG_FP2.py:219	--	生成了 545 条指纹数据，每个指纹有 882 位
[INFO][2025-03-04 10:29:55,416] XG_FP2.py:224	--	生成的数据框形状: (545, 883)
[INFO][2025-03-04 10:29:55,418] XG_FP2.py:231	--	读取 545 个特征
[INFO][2025-03-04 10:29:55,488] XG_FP2.py:259	--	存在特征索引文件，进行读取
[INFO][2025-03-04 10:29:55,489] XG_FP2.py:261	--	读取特征索引完成，索引内容: [6, 14, 19, 20, 46, 180, 181, 183, 188, 192, 199, 261, 286, 287, 299, 300, 305, 308, 347, 349, 356, 364, 378, 391, 392, 414, 418, 437, 440, 442, 445, 467, 483, 549, 577, 588, 596, 646, 647, 656, 667, 680, 688, 704, 713, 738, 755, 800, 819, 839]
[INFO][2025-03-04 10:29:55,489] XG_FP2.py:269	--	筛选后的特征矩阵形状为：(545, 50)
[INFO][2025-03-04 10:29:55,489] XG_FP2.py:270	--	选择的特征名称: ['PubchemFP6', 'PubchemFP14', 'PubchemFP19', 'PubchemFP20', 'PubchemFP46', 'PubchemFP180', 'PubchemFP181', 'PubchemFP183', 'PubchemFP188', 'PubchemFP192', 'PubchemFP199', 'PubchemFP261', 'PubchemFP286', 'PubchemFP287', 'PubchemFP299', 'PubchemFP300', 'PubchemFP305', 'PubchemFP308', 'PubchemFP347', 'PubchemFP349', 'PubchemFP356', 'PubchemFP364', 'PubchemFP378', 'PubchemFP391', 'PubchemFP392', 'PubchemFP414', 'PubchemFP418', 'PubchemFP437', 'PubchemFP440', 'PubchemFP442', 'PubchemFP445', 'PubchemFP467', 'PubchemFP483', 'PubchemFP549', 'PubchemFP577', 'PubchemFP588', 'PubchemFP596', 'PubchemFP646', 'PubchemFP647', 'PubchemFP656', 'PubchemFP667', 'PubchemFP680', 'PubchemFP688', 'PubchemFP704', 'PubchemFP713', 'PubchemFP738', 'PubchemFP755', 'PubchemFP800', 'PubchemFP819', 'PubchemFP839']
[INFO][2025-03-04 10:29:55,490] XG_FP2.py:274	--	将数据集按9:1划分为训练验证集(490个样本)和测试集(55个样本)
[INFO][2025-03-04 10:29:55,491] XG_FP2.py:278	--	将训练验证集按9:1划分为训练集(441个样本)和验证集(49个样本)
[INFO][2025-03-04 10:29:55,494] XG_FP2.py:294	--	使用训练验证集进行超参数优化和交叉验证
[INFO][2025-03-04 10:29:55,494] XG_FP2.py:297	--	开始进行超参数搜索（100轮）...
[INFO][2025-03-04 10:30:07,359] XG_FP2.py:302	--	最优超参数: {'n_estimators': 256, 'max_depth': 8, 'learning_rate': 0.2543931687396753, 'subsample': 0.880229582920831, 'colsample_bytree': 0.8276597146623956, 'min_child_weight': 2}
[INFO][2025-03-04 10:30:07,359] XG_FP2.py:303	--	最优 RMSE: 0.3739
[INFO][2025-03-04 10:30:07,687] XG_FP2.py:336	--	Fold 1 - MSE: 0.1460, RMSE: 0.3821, R2: 0.4573, MAE: 0.2640, MAPE: 205.37%
[INFO][2025-03-04 10:30:08,043] XG_FP2.py:336	--	Fold 2 - MSE: 0.1904, RMSE: 0.4364, R2: 0.4342, MAE: 0.3393, MAPE: 213.06%
[INFO][2025-03-04 10:30:08,379] XG_FP2.py:336	--	Fold 3 - MSE: 0.2069, RMSE: 0.4548, R2: 0.2617, MAE: 0.3443, MAPE: 166.62%
[INFO][2025-03-04 10:30:08,706] XG_FP2.py:336	--	Fold 4 - MSE: 0.3202, RMSE: 0.5658, R2: -0.1082, MAE: 0.3921, MAPE: 158.18%
[INFO][2025-03-04 10:30:09,025] XG_FP2.py:336	--	Fold 5 - MSE: 0.1690, RMSE: 0.4111, R2: 0.5676, MAE: 0.2921, MAPE: 100.32%
[INFO][2025-03-04 10:30:09,357] XG_FP2.py:336	--	Fold 6 - MSE: 0.1572, RMSE: 0.3964, R2: 0.6869, MAE: 0.3081, MAPE: 109.24%
[INFO][2025-03-04 10:30:09,669] XG_FP2.py:336	--	Fold 7 - MSE: 0.1917, RMSE: 0.4378, R2: 0.5593, MAE: 0.3075, MAPE: 387.93%
[INFO][2025-03-04 10:30:09,999] XG_FP2.py:336	--	Fold 8 - MSE: 0.1451, RMSE: 0.3809, R2: 0.6500, MAE: 0.3078, MAPE: 137.74%
[INFO][2025-03-04 10:30:10,329] XG_FP2.py:336	--	Fold 9 - MSE: 0.2687, RMSE: 0.5184, R2: 0.4564, MAE: 0.4019, MAPE: 186.88%
[INFO][2025-03-04 10:30:10,642] XG_FP2.py:336	--	Fold 10 - MSE: 0.2007, RMSE: 0.4480, R2: 0.4795, MAE: 0.3368, MAPE: 201.60%
[INFO][2025-03-04 10:30:10,642] XG_FP2.py:340	--	10折交叉验证平均指标：
[INFO][2025-03-04 10:30:10,642] XG_FP2.py:341	--	MSE: 0.1996
[INFO][2025-03-04 10:30:10,642] XG_FP2.py:342	--	RMSE: 0.4432
[INFO][2025-03-04 10:30:10,642] XG_FP2.py:343	--	R2: 0.4445
[INFO][2025-03-04 10:30:10,642] XG_FP2.py:344	--	MAE: 0.3294
[INFO][2025-03-04 10:30:10,642] XG_FP2.py:345	--	MAPE: 186.69%
[INFO][2025-03-04 10:30:10,814] XG_FP2.py:386	--	最终评估指标：
[INFO][2025-03-04 10:30:10,814] XG_FP2.py:387	--	测试集 -> MSE: 0.1459, RMSE: 0.3820, R2: 0.6264, Adjusted R2: -4.0438, MAE: 0.2912, MAPE: 120.24%
[INFO][2025-03-04 10:30:10,998] XG_FP2.py:400	--	最终测试集评估指标：
[INFO][2025-03-04 10:30:10,998] XG_FP2.py:401	--	测试集 -> MSE: 0.1459, RMSE: 0.3820, R2: 0.6264, Adjusted R2: -4.0438, MAE: 0.2912, MAPE: 120.24%
[INFO][2025-03-04 10:30:11,001] XG_FP2.py:412	--	训练集和测试集的预测结果已保存到 './result/xgb_fp_train_results.csv' 和 './result/xgb_fp_test_results.csv'
[INFO][2025-03-04 10:30:11,018] XG_FP2.py:424	--	模型已保存到: logbbModel\xgb_fp_model.joblib
[INFO][2025-03-04 10:30:11,032] XG_FP2.py:433	--	模型加载成功，并且预测结果一致！
[INFO][2025-03-04 10:31:05,200] Xgboost_Mordred.py:46	--	===============启动XGBoost调参及训练工作===============
[INFO][2025-03-04 10:31:05,200] Xgboost_Mordred.py:59	--	存在特征文件，进行读取
[INFO][2025-03-04 10:31:05,377] Xgboost_Mordred.py:105	--	存在特征索引文件，进行读取
[INFO][2025-03-04 10:31:05,378] Xgboost_Mordred.py:108	--	读取特征索引完成，筛选后的特征矩阵形状为：(545, 50)
[INFO][2025-03-04 10:31:05,378] Xgboost_Mordred.py:110	--	筛选后的特征名称: ['0', '1', '2', '3', '4', '5', '6', '7', '8', '9', '10', '11', '12', '13', '14', '15', '16', '17', '18', '19', '20', '21', '22', '23', '24', '25', '26', '27', '28', '29', '30', '31', '32', '33', '34', '35', '36', '37', '38', '39', '40', '41', '42', '43', '44', '45', '46', '47', '48', '49']
[INFO][2025-03-04 10:31:05,378] Xgboost_Mordred.py:113	--	归一化特征数据
[INFO][2025-03-04 10:31:05,380] Xgboost_Mordred.py:123	--	将数据集按9:1划分为训练验证集(490个样本)和测试集(55个样本)
[INFO][2025-03-04 10:31:05,381] Xgboost_Mordred.py:129	--	将训练验证集按9:1划分为训练集(441个样本)和验证集(49个样本)
[INFO][2025-03-04 10:31:05,382] Xgboost_Mordred.py:142	--	使用训练验证集进行超参数优化和交叉验证
[INFO][2025-03-04 10:31:05,382] Xgboost_Mordred.py:185	--	进行XGBoost调参
[INFO][2025-03-04 10:32:12,338] Xgboost_Mordred.py:191	--	最佳参数: {'n_estimators': 1309, 'learning_rate': 0.012012295573144545, 'max_depth': 10, 'min_child_weight': 3.141075951567526, 'subsample': 0.750537295764329, 'colsample_bytree': 0.2766879109987123, 'reg_alpha': 0.07869886436333982, 'reg_lambda': 97.94447856623127}
[INFO][2025-03-04 10:32:12,340] Xgboost_Mordred.py:192	--	最佳预测结果: 0.29401865406042116
[INFO][2025-03-04 10:32:12,340] Xgboost_Mordred.py:204	--	使用最佳参数进行10折交叉验证
[INFO][2025-03-04 10:32:26,387] Xgboost_Mordred.py:228	--	随机种子: 1741055465
[INFO][2025-03-04 10:32:26,387] Xgboost_Mordred.py:229	--	========十折交叉验证结果========
[INFO][2025-03-04 10:32:26,387] Xgboost_Mordred.py:230	--	RMSE: 0.499±0.051
[INFO][2025-03-04 10:32:26,387] Xgboost_Mordred.py:231	--	MSE: 0.252±0.047
[INFO][2025-03-04 10:32:26,388] Xgboost_Mordred.py:232	--	MAE: 0.368±0.032
[INFO][2025-03-04 10:32:26,388] Xgboost_Mordred.py:233	--	R2: 0.304±0.083
[INFO][2025-03-04 10:32:26,388] Xgboost_Mordred.py:234	--	Adjusted R2: 17.705±1.989
[INFO][2025-03-04 10:32:26,392] Xgboost_Mordred.py:244	--	========验证集结果========
[INFO][2025-03-04 10:32:26,392] Xgboost_Mordred.py:245	--	RMSE: 0.341
[INFO][2025-03-04 10:32:26,392] Xgboost_Mordred.py:246	--	MSE: 0.116
[INFO][2025-03-04 10:32:26,392] Xgboost_Mordred.py:247	--	MAE: 0.239
[INFO][2025-03-04 10:32:26,392] Xgboost_Mordred.py:248	--	R2: 0.569
[INFO][2025-03-04 10:32:26,392] Xgboost_Mordred.py:249	--	Adjusted R2: 11.342
[INFO][2025-03-04 10:32:26,504] Xgboost_Mordred.py:255	--	模型已保存至 ./logbbModel/xgb_mordred_model.joblib
[INFO][2025-03-04 10:32:27,542] Xgboost_Mordred.py:292	--	最终测试集评估指标：
[INFO][2025-03-04 10:32:27,542] Xgboost_Mordred.py:293	--	测试集 -> MSE: 0.2218, RMSE: 0.4710, R2: 0.4977, Adjusted R2: 13.0547, MAE: 0.3678, MAPE: 1.00%
[INFO][2025-03-04 10:32:27,544] Xgboost_Mordred.py:304	--	
最终数据集划分:
[INFO][2025-03-04 10:32:27,544] Xgboost_Mordred.py:305	--	训练集: 441个样本 (90.0%) [应约为81%]
[INFO][2025-03-04 10:32:27,545] Xgboost_Mordred.py:306	--	验证集: 49个样本 (10.0%) [应约为9%]
[INFO][2025-03-04 10:32:27,545] Xgboost_Mordred.py:307	--	测试集: 49个样本 (10.0%) [应约为10%]
[INFO][2025-03-04 10:32:27,715] Xgboost_Mordred.py:344	--	训练集和测试集散点图已保存到 './result/xgb_mordred_scatter.png'
[INFO][2025-03-04 11:28:36,715] Xgboost_Mordred.py:46	--	===============启动XGBoost调参及训练工作===============
[INFO][2025-03-04 11:28:36,715] Xgboost_Mordred.py:59	--	存在特征文件，进行读取
[INFO][2025-03-04 11:28:36,914] Xgboost_Mordred.py:105	--	存在特征索引文件，进行读取
[INFO][2025-03-04 11:28:36,915] Xgboost_Mordred.py:108	--	读取特征索引完成，筛选后的特征矩阵形状为：(545, 50)
[INFO][2025-03-04 11:28:36,915] Xgboost_Mordred.py:110	--	筛选后的特征名称: ['0', '1', '2', '3', '4', '5', '6', '7', '8', '9', '10', '11', '12', '13', '14', '15', '16', '17', '18', '19', '20', '21', '22', '23', '24', '25', '26', '27', '28', '29', '30', '31', '32', '33', '34', '35', '36', '37', '38', '39', '40', '41', '42', '43', '44', '45', '46', '47', '48', '49']
[INFO][2025-03-04 11:28:36,915] Xgboost_Mordred.py:113	--	归一化特征数据
[INFO][2025-03-04 11:28:36,917] Xgboost_Mordred.py:123	--	将数据集按9:1划分为训练验证集(490个样本)和测试集(55个样本)
[INFO][2025-03-04 11:28:36,918] Xgboost_Mordred.py:129	--	将训练验证集按9:1划分为训练集(441个样本)和验证集(49个样本)
[INFO][2025-03-04 11:28:36,919] Xgboost_Mordred.py:142	--	使用训练验证集进行超参数优化和交叉验证
[INFO][2025-03-04 11:28:36,919] Xgboost_Mordred.py:185	--	进行XGBoost调参
[INFO][2025-03-04 11:30:00,396] Xgboost_Mordred.py:191	--	最佳参数: {'n_estimators': 2343, 'learning_rate': 0.022420943265940112, 'max_depth': 14, 'min_child_weight': 0.0202761385171476, 'subsample': 0.9473627696675279, 'colsample_bytree': 0.8528385696858803, 'reg_alpha': 0.039709593600946835, 'reg_lambda': 73.09659567603138}
[INFO][2025-03-04 11:30:00,396] Xgboost_Mordred.py:192	--	最佳预测结果: 0.6408881967966452
[INFO][2025-03-04 11:30:00,396] Xgboost_Mordred.py:204	--	使用最佳参数进行10折交叉验证
[INFO][2025-03-04 11:30:21,176] Xgboost_Mordred.py:228	--	随机种子: 1741058916
[INFO][2025-03-04 11:30:21,176] Xgboost_Mordred.py:229	--	========十折交叉验证结果========
[INFO][2025-03-04 11:30:21,176] Xgboost_Mordred.py:230	--	RMSE: 0.486±0.087
[INFO][2025-03-04 11:30:21,176] Xgboost_Mordred.py:231	--	MSE: 0.243±0.087
[INFO][2025-03-04 11:30:21,176] Xgboost_Mordred.py:232	--	MAE: 0.357±0.07
[INFO][2025-03-04 11:30:21,176] Xgboost_Mordred.py:233	--	R2: 0.362±0.128
[INFO][2025-03-04 11:30:21,176] Xgboost_Mordred.py:234	--	Adjusted R2: 16.322±3.066
[INFO][2025-03-04 11:30:21,181] Xgboost_Mordred.py:244	--	========验证集结果========
[INFO][2025-03-04 11:30:21,181] Xgboost_Mordred.py:245	--	RMSE: 0.223
[INFO][2025-03-04 11:30:21,181] Xgboost_Mordred.py:246	--	MSE: 0.05
[INFO][2025-03-04 11:30:21,181] Xgboost_Mordred.py:247	--	MAE: 0.134
[INFO][2025-03-04 11:30:21,181] Xgboost_Mordred.py:248	--	R2: 0.816
[INFO][2025-03-04 11:30:21,181] Xgboost_Mordred.py:249	--	Adjusted R2: 5.419
[INFO][2025-03-04 11:30:21,419] Xgboost_Mordred.py:255	--	模型已保存至 ./logbbModel/xgb_mordred_model.joblib
[INFO][2025-03-04 11:30:25,586] Xgboost_Mordred.py:292	--	最终测试集评估指标：
[INFO][2025-03-04 11:30:25,586] Xgboost_Mordred.py:293	--	测试集 -> MSE: 0.2550, RMSE: 0.5049, R2: 0.3357, Adjusted R2: 16.9435, MAE: 0.3359, MAPE: 2.30%
[INFO][2025-03-04 11:30:25,587] Xgboost_Mordred.py:304	--	
最终数据集划分:
[INFO][2025-03-04 11:30:25,587] Xgboost_Mordred.py:305	--	训练集: 441个样本 (90.0%) [应约为81%]
[INFO][2025-03-04 11:30:25,588] Xgboost_Mordred.py:306	--	验证集: 49个样本 (10.0%) [应约为9%]
[INFO][2025-03-04 11:30:25,588] Xgboost_Mordred.py:307	--	测试集: 49个样本 (10.0%) [应约为10%]
[INFO][2025-03-04 11:30:25,734] Xgboost_Mordred.py:344	--	训练集和测试集散点图已保存到 './result/xgb_mordred_scatter.png'
