[INFO][2025-02-21 15:38:37,117] Catboost_Mordred.py:52	--	存在特征文件，进行读取
[INFO][2025-02-21 15:38:37,216] Catboost_Mordred.py:73	--	存在特征索引文件，进行读取
[INFO][2025-02-21 15:38:39,411] Catboost_FP.py:153	--	===============启动 CatBoost 特征筛选及训练工作===============
[INFO][2025-02-21 15:38:39,416] Catboost_FP.py:164	--	读取 545 条 SMILES 数据
[INFO][2025-02-21 15:39:07,443] Catboost_FP.py:168	--	生成了 545 条指纹数据，每个指纹有 882 位
[INFO][2025-02-21 15:39:07,492] Catboost_FP.py:173	--	分子指纹生成并保存在: ../../data/logBB_data/logBB_w_desc_fp.csv
[INFO][2025-02-21 15:39:07,492] Catboost_FP.py:174	--	生成的数据框形状: (545, 886)
[INFO][2025-02-21 15:39:07,532] Catboost_FP.py:175	--	部分生成的指纹数据：
     Compound index  ... PubchemFP880
0  1713A-18F-FRB-D4  ...            0
1        42289-18F9  ...            0
2        1405A-18F8  ...            0
3        1405A-18F7  ...            0
4        1419C-18F3  ...            0

[5 rows x 886 columns]
[INFO][2025-02-21 15:39:07,537] Catboost_FP.py:186	--	将数据集按9:1划分为训练验证集(490个样本)和测试集(55个样本)
[INFO][2025-02-21 15:39:07,540] Catboost_FP.py:192	--	将训练验证集按9:1划分为训练集(441个样本)和验证集(49个样本)
[INFO][2025-02-21 15:39:07,565] Catboost_FP.py:208	--	使用训练验证集进行超参数优化和交叉验证
[INFO][2025-02-21 15:39:26,837] Catboost_FP.py:213	--	最优超参数: {'iterations': 97, 'depth': 5, 'learning_rate': 0.1675435695842615, 'subsample': 0.8523087507315112, 'colsample_bylevel': 0.8280274848490792}
[INFO][2025-02-21 15:39:26,838] Catboost_FP.py:218	--	使用最优参数进行10折交叉验证
[INFO][2025-02-21 15:39:27,247] Catboost_FP.py:248	--	Fold 1 - MSE: 0.0145, RMSE: 0.1206, R2: 0.9460, Adjusted R2: 1.0031, MAE: 0.0746, MAPE: 39.28%
[INFO][2025-02-21 15:39:27,653] Catboost_FP.py:248	--	Fold 2 - MSE: 0.0159, RMSE: 0.1260, R2: 0.9528, Adjusted R2: 1.0027, MAE: 0.0817, MAPE: 33.78%
[INFO][2025-02-21 15:39:28,099] Catboost_FP.py:248	--	Fold 3 - MSE: 0.0086, RMSE: 0.0925, R2: 0.9695, Adjusted R2: 1.0018, MAE: 0.0707, MAPE: 37.08%
[INFO][2025-02-21 15:39:28,466] Catboost_FP.py:248	--	Fold 4 - MSE: 0.0066, RMSE: 0.0815, R2: 0.9770, Adjusted R2: 1.0013, MAE: 0.0601, MAPE: 46.33%
[INFO][2025-02-21 15:39:28,887] Catboost_FP.py:248	--	Fold 5 - MSE: 0.0070, RMSE: 0.0838, R2: 0.9820, Adjusted R2: 1.0010, MAE: 0.0601, MAPE: 24.20%
[INFO][2025-02-21 15:39:29,231] Catboost_FP.py:248	--	Fold 6 - MSE: 0.0144, RMSE: 0.1199, R2: 0.9714, Adjusted R2: 1.0016, MAE: 0.0679, MAPE: 25.62%
[INFO][2025-02-21 15:39:29,640] Catboost_FP.py:248	--	Fold 7 - MSE: 0.0135, RMSE: 0.1161, R2: 0.9690, Adjusted R2: 1.0018, MAE: 0.0721, MAPE: 51.47%
[INFO][2025-02-21 15:39:30,021] Catboost_FP.py:248	--	Fold 8 - MSE: 0.0084, RMSE: 0.0915, R2: 0.9798, Adjusted R2: 1.0012, MAE: 0.0735, MAPE: 34.66%
[INFO][2025-02-21 15:39:30,385] Catboost_FP.py:248	--	Fold 9 - MSE: 0.0081, RMSE: 0.0900, R2: 0.9836, Adjusted R2: 1.0009, MAE: 0.0676, MAPE: 20.32%
[INFO][2025-02-21 15:39:30,791] Catboost_FP.py:248	--	Fold 10 - MSE: 0.0052, RMSE: 0.0724, R2: 0.9864, Adjusted R2: 1.0008, MAE: 0.0528, MAPE: 26.32%
[INFO][2025-02-21 15:39:30,792] Catboost_FP.py:253	--	10折交叉验证平均指标：
[INFO][2025-02-21 15:39:30,792] Catboost_FP.py:254	--	MSE: 0.0102
[INFO][2025-02-21 15:39:30,792] Catboost_FP.py:255	--	RMSE: 0.0994
[INFO][2025-02-21 15:39:30,792] Catboost_FP.py:256	--	R2: 0.9717
[INFO][2025-02-21 15:39:30,792] Catboost_FP.py:257	--	Adjusted R2: 1.0016
[INFO][2025-02-21 15:39:30,792] Catboost_FP.py:258	--	MAE: 0.0681
[INFO][2025-02-21 15:39:30,792] Catboost_FP.py:259	--	MAPE: 33.91%
[INFO][2025-02-21 15:39:31,197] Catboost_FP.py:294	--	最终评估指标：
[INFO][2025-02-21 15:39:31,197] Catboost_FP.py:295	--	测试集 -> MSE: 0.0069, RMSE: 0.0833, R2: 0.9822, Adjusted R2: 1.0012, MAE: 0.0622, MAPE: 31.16%
[INFO][2025-02-21 15:39:31,211] Catboost_FP.py:316	--	模型已保存到: logbbModel\catboost_fp_model.joblib
[INFO][2025-02-21 15:39:31,227] Catboost_FP.py:325	--	模型加载成功，并且预测结果一致！
[INFO][2025-02-21 15:39:31,227] Catboost_FP.py:327	--	
最终数据集划分:
[INFO][2025-02-21 15:39:31,227] Catboost_FP.py:328	--	训练集: 441个样本 (80.9%) [应约为81%]
[INFO][2025-02-21 15:39:31,227] Catboost_FP.py:329	--	验证集: 49个样本 (9.0%) [应约为9%]
[INFO][2025-02-21 15:39:31,227] Catboost_FP.py:330	--	测试集: 55个样本 (10.1%) [应约为10%]
[INFO][2025-02-21 15:39:31,502] Catboost_FP.py:334	--	训练集和测试集散点图已保存到 './result/catboost_fp_scatter.png'
[INFO][2025-02-21 15:49:46,655] MLP_FP.py:142	--	===============启动 MLP 特征筛选及训练工作===============
[INFO][2025-02-21 15:49:46,658] MLP_FP.py:153	--	读取 545 条 SMILES 数据
[INFO][2025-02-21 15:50:13,051] MLP_FP.py:157	--	生成了 545 条指纹数据，每个指纹有 882 位
[INFO][2025-02-21 15:50:13,104] MLP_FP.py:162	--	分子指纹生成并保存在: ../../data/logBB_data/logBB_w_desc_fp.csv
[INFO][2025-02-21 15:50:13,105] MLP_FP.py:163	--	生成的数据框形状: (545, 886)
[INFO][2025-02-21 15:50:13,142] MLP_FP.py:164	--	部分生成的指纹数据：
     Compound index  ... PubchemFP880
0  1713A-18F-FRB-D4  ...            0
1        42289-18F9  ...            0
2        1405A-18F8  ...            0
3        1405A-18F7  ...            0
4        1419C-18F3  ...            0

[5 rows x 886 columns]
[INFO][2025-02-21 15:50:13,158] MLP_FP.py:180	--	将数据集按9:1划分为训练验证集(490个样本)和测试集(55个样本)
[INFO][2025-02-21 15:50:13,159] MLP_FP.py:186	--	将训练验证集按9:1划分为训练集(441个样本)和验证集(49个样本)
[INFO][2025-02-21 15:50:13,159] MLP_FP.py:189	--	
最终数据集划分:
[INFO][2025-02-21 15:50:13,160] MLP_FP.py:190	--	训练集: 441个样本 (80.9%) [应约为81%]
[INFO][2025-02-21 15:50:13,160] MLP_FP.py:191	--	验证集: 49个样本 (9.0%) [应约为9%]
[INFO][2025-02-21 15:50:13,160] MLP_FP.py:192	--	测试集: 55个样本 (10.1%) [应约为10%]
[INFO][2025-02-21 15:50:33,269] MLP_FP.py:198	--	最优超参数: {'hidden_layer_sizes': (150,), 'activation': 'relu', 'solver': 'sgd', 'learning_rate': 'adaptive'}
[INFO][2025-02-21 15:50:36,007] MLP_FP.py:232	--	Fold 1 Results:
[INFO][2025-02-21 15:50:36,007] MLP_FP.py:233	--	R2: 0.5643, Adjusted R2: 1.0284, MSE: 0.1701, RMSE: 0.4125, MAE: 0.3051, MAPE: 132.2535
[INFO][2025-02-21 15:50:36,007] MLP_FP.py:237	--	10折交叉验证平均指标：
[INFO][2025-02-21 15:50:36,007] MLP_FP.py:238	--	MSE: 0.1701
[INFO][2025-02-21 15:50:36,007] MLP_FP.py:239	--	RMSE: 0.4125
[INFO][2025-02-21 15:50:36,007] MLP_FP.py:240	--	R2: 0.5643
[INFO][2025-02-21 15:50:36,007] MLP_FP.py:241	--	Adjusted R2: 1.0284
[INFO][2025-02-21 15:50:36,007] MLP_FP.py:242	--	MAE: 0.3051
[INFO][2025-02-21 15:50:36,007] MLP_FP.py:243	--	MAPE: 132.25%
[INFO][2025-02-21 15:50:39,391] MLP_FP.py:272	--	单次训练/测试划分评估指标：
[INFO][2025-02-21 15:50:39,391] MLP_FP.py:273	--	训练集 -> MSE: 0.1083, RMSE: 0.3290, R2: 0.7243, Adjusted R2: 1.2677, MAE: 0.2545, MAPE: 128.48%
[INFO][2025-02-21 15:50:39,391] MLP_FP.py:275	--	测试集 -> MSE: 0.2223, RMSE: 0.4715, R2: 0.3504, Adjusted R2: 1.0905, MAE: 0.3462, MAPE: 242.50%
[INFO][2025-02-21 15:50:39,395] MLP_FP.py:287	--	训练集和测试集的预测结果已保存到 './result/mlp_fp_train_results.csv' 和 './result/mlp_fp_test_results.csv'
[INFO][2025-02-21 15:50:39,403] MLP_FP.py:299	--	模型已保存到: logbbModel\mlp_fp_model.joblib
[INFO][2025-02-21 15:50:39,412] MLP_FP.py:308	--	模型加载成功，并且预测结果一致！
[INFO][2025-02-21 15:50:42,217] MLP_FP.py:232	--	Fold 2 Results:
[INFO][2025-02-21 15:50:42,217] MLP_FP.py:233	--	R2: -0.0389, Adjusted R2: 1.0677, MSE: 0.2776, RMSE: 0.5269, MAE: 0.3822, MAPE: 303.4462
[INFO][2025-02-21 15:50:42,217] MLP_FP.py:237	--	10折交叉验证平均指标：
[INFO][2025-02-21 15:50:42,217] MLP_FP.py:238	--	MSE: 0.2239
[INFO][2025-02-21 15:50:42,217] MLP_FP.py:239	--	RMSE: 0.4697
[INFO][2025-02-21 15:50:42,217] MLP_FP.py:240	--	R2: 0.2627
[INFO][2025-02-21 15:50:42,218] MLP_FP.py:241	--	Adjusted R2: 1.0480
[INFO][2025-02-21 15:50:42,218] MLP_FP.py:242	--	MAE: 0.3436
[INFO][2025-02-21 15:50:42,218] MLP_FP.py:243	--	MAPE: 217.85%
[INFO][2025-02-21 15:50:45,299] MLP_FP.py:272	--	单次训练/测试划分评估指标：
[INFO][2025-02-21 15:50:45,299] MLP_FP.py:273	--	训练集 -> MSE: 0.1152, RMSE: 0.3394, R2: 0.7066, Adjusted R2: 1.2849, MAE: 0.2610, MAPE: 144.72%
[INFO][2025-02-21 15:50:45,299] MLP_FP.py:275	--	测试集 -> MSE: 0.2331, RMSE: 0.4828, R2: 0.3189, Adjusted R2: 1.0949, MAE: 0.3627, MAPE: 260.05%
[INFO][2025-02-21 15:50:45,303] MLP_FP.py:287	--	训练集和测试集的预测结果已保存到 './result/mlp_fp_train_results.csv' 和 './result/mlp_fp_test_results.csv'
[INFO][2025-02-21 15:50:45,310] MLP_FP.py:299	--	模型已保存到: logbbModel\mlp_fp_model.joblib
[INFO][2025-02-21 15:50:45,319] MLP_FP.py:308	--	模型加载成功，并且预测结果一致！
[INFO][2025-02-21 15:50:48,115] MLP_FP.py:232	--	Fold 3 Results:
[INFO][2025-02-21 15:50:48,115] MLP_FP.py:233	--	R2: 0.5072, Adjusted R2: 1.0321, MSE: 0.2932, RMSE: 0.5415, MAE: 0.4085, MAPE: 238.0054
[INFO][2025-02-21 15:50:48,115] MLP_FP.py:237	--	10折交叉验证平均指标：
[INFO][2025-02-21 15:50:48,115] MLP_FP.py:238	--	MSE: 0.2470
[INFO][2025-02-21 15:50:48,115] MLP_FP.py:239	--	RMSE: 0.4936
[INFO][2025-02-21 15:50:48,115] MLP_FP.py:240	--	R2: 0.3442
[INFO][2025-02-21 15:50:48,115] MLP_FP.py:241	--	Adjusted R2: 1.0427
[INFO][2025-02-21 15:50:48,115] MLP_FP.py:242	--	MAE: 0.3653
[INFO][2025-02-21 15:50:48,115] MLP_FP.py:243	--	MAPE: 224.57%
[INFO][2025-02-21 15:50:51,077] MLP_FP.py:272	--	单次训练/测试划分评估指标：
[INFO][2025-02-21 15:50:51,078] MLP_FP.py:273	--	训练集 -> MSE: 0.1168, RMSE: 0.3418, R2: 0.7024, Adjusted R2: 1.2889, MAE: 0.2659, MAPE: 159.72%
[INFO][2025-02-21 15:50:51,078] MLP_FP.py:275	--	测试集 -> MSE: 0.2047, RMSE: 0.4524, R2: 0.4021, Adjusted R2: 1.0833, MAE: 0.3410, MAPE: 249.60%
[INFO][2025-02-21 15:50:51,082] MLP_FP.py:287	--	训练集和测试集的预测结果已保存到 './result/mlp_fp_train_results.csv' 和 './result/mlp_fp_test_results.csv'
[INFO][2025-02-21 15:50:51,089] MLP_FP.py:299	--	模型已保存到: logbbModel\mlp_fp_model.joblib
[INFO][2025-02-21 15:50:51,098] MLP_FP.py:308	--	模型加载成功，并且预测结果一致！
[INFO][2025-02-21 15:50:53,897] MLP_FP.py:232	--	Fold 4 Results:
[INFO][2025-02-21 15:50:53,897] MLP_FP.py:233	--	R2: 0.2215, Adjusted R2: 1.0507, MSE: 0.3483, RMSE: 0.5902, MAE: 0.4524, MAPE: 260.8505
[INFO][2025-02-21 15:50:53,897] MLP_FP.py:237	--	10折交叉验证平均指标：
[INFO][2025-02-21 15:50:53,897] MLP_FP.py:238	--	MSE: 0.2723
[INFO][2025-02-21 15:50:53,897] MLP_FP.py:239	--	RMSE: 0.5178
[INFO][2025-02-21 15:50:53,897] MLP_FP.py:240	--	R2: 0.3135
[INFO][2025-02-21 15:50:53,897] MLP_FP.py:241	--	Adjusted R2: 1.0447
[INFO][2025-02-21 15:50:53,897] MLP_FP.py:242	--	MAE: 0.3871
[INFO][2025-02-21 15:50:53,897] MLP_FP.py:243	--	MAPE: 233.64%
[INFO][2025-02-21 15:50:57,007] MLP_FP.py:272	--	单次训练/测试划分评估指标：
[INFO][2025-02-21 15:50:57,007] MLP_FP.py:273	--	训练集 -> MSE: 0.1119, RMSE: 0.3346, R2: 0.7149, Adjusted R2: 1.2769, MAE: 0.2607, MAPE: 147.56%
[INFO][2025-02-21 15:50:57,007] MLP_FP.py:275	--	测试集 -> MSE: 0.2140, RMSE: 0.4626, R2: 0.3747, Adjusted R2: 1.0871, MAE: 0.3432, MAPE: 242.28%
[INFO][2025-02-21 15:50:57,011] MLP_FP.py:287	--	训练集和测试集的预测结果已保存到 './result/mlp_fp_train_results.csv' 和 './result/mlp_fp_test_results.csv'
[INFO][2025-02-21 15:50:57,018] MLP_FP.py:299	--	模型已保存到: logbbModel\mlp_fp_model.joblib
[INFO][2025-02-21 15:50:57,028] MLP_FP.py:308	--	模型加载成功，并且预测结果一致！
[INFO][2025-02-21 15:50:59,871] MLP_FP.py:232	--	Fold 5 Results:
[INFO][2025-02-21 15:50:59,872] MLP_FP.py:233	--	R2: 0.5517, Adjusted R2: 1.0292, MSE: 0.1600, RMSE: 0.4000, MAE: 0.2871, MAPE: 75.5986
[INFO][2025-02-21 15:50:59,872] MLP_FP.py:237	--	10折交叉验证平均指标：
[INFO][2025-02-21 15:50:59,872] MLP_FP.py:238	--	MSE: 0.2498
[INFO][2025-02-21 15:50:59,872] MLP_FP.py:239	--	RMSE: 0.4942
[INFO][2025-02-21 15:50:59,872] MLP_FP.py:240	--	R2: 0.3612
[INFO][2025-02-21 15:50:59,872] MLP_FP.py:241	--	Adjusted R2: 1.0416
[INFO][2025-02-21 15:50:59,872] MLP_FP.py:242	--	MAE: 0.3671
[INFO][2025-02-21 15:50:59,872] MLP_FP.py:243	--	MAPE: 202.03%
[INFO][2025-02-21 15:51:02,994] MLP_FP.py:272	--	单次训练/测试划分评估指标：
[INFO][2025-02-21 15:51:02,994] MLP_FP.py:273	--	训练集 -> MSE: 0.1180, RMSE: 0.3435, R2: 0.6994, Adjusted R2: 1.2919, MAE: 0.2662, MAPE: 155.41%
[INFO][2025-02-21 15:51:02,994] MLP_FP.py:275	--	测试集 -> MSE: 0.2252, RMSE: 0.4745, R2: 0.3421, Adjusted R2: 1.0917, MAE: 0.3527, MAPE: 220.47%
[INFO][2025-02-21 15:51:02,998] MLP_FP.py:287	--	训练集和测试集的预测结果已保存到 './result/mlp_fp_train_results.csv' 和 './result/mlp_fp_test_results.csv'
[INFO][2025-02-21 15:51:03,006] MLP_FP.py:299	--	模型已保存到: logbbModel\mlp_fp_model.joblib
[INFO][2025-02-21 15:51:03,015] MLP_FP.py:308	--	模型加载成功，并且预测结果一致！
[INFO][2025-02-21 15:51:05,818] MLP_FP.py:232	--	Fold 6 Results:
[INFO][2025-02-21 15:51:05,818] MLP_FP.py:233	--	R2: 0.4691, Adjusted R2: 1.0339, MSE: 0.2539, RMSE: 0.5039, MAE: 0.3996, MAPE: 147.6474
[INFO][2025-02-21 15:51:05,818] MLP_FP.py:237	--	10折交叉验证平均指标：
[INFO][2025-02-21 15:51:05,819] MLP_FP.py:238	--	MSE: 0.2505
[INFO][2025-02-21 15:51:05,819] MLP_FP.py:239	--	RMSE: 0.4958
[INFO][2025-02-21 15:51:05,819] MLP_FP.py:240	--	R2: 0.3792
[INFO][2025-02-21 15:51:05,819] MLP_FP.py:241	--	Adjusted R2: 1.0403
[INFO][2025-02-21 15:51:05,819] MLP_FP.py:242	--	MAE: 0.3725
[INFO][2025-02-21 15:51:05,819] MLP_FP.py:243	--	MAPE: 192.97%
[INFO][2025-02-21 15:51:08,952] MLP_FP.py:272	--	单次训练/测试划分评估指标：
[INFO][2025-02-21 15:51:08,952] MLP_FP.py:273	--	训练集 -> MSE: 0.1169, RMSE: 0.3419, R2: 0.7022, Adjusted R2: 1.2891, MAE: 0.2622, MAPE: 142.91%
[INFO][2025-02-21 15:51:08,952] MLP_FP.py:275	--	测试集 -> MSE: 0.2265, RMSE: 0.4759, R2: 0.3382, Adjusted R2: 1.0922, MAE: 0.3537, MAPE: 219.97%
[INFO][2025-02-21 15:51:08,956] MLP_FP.py:287	--	训练集和测试集的预测结果已保存到 './result/mlp_fp_train_results.csv' 和 './result/mlp_fp_test_results.csv'
[INFO][2025-02-21 15:51:08,964] MLP_FP.py:299	--	模型已保存到: logbbModel\mlp_fp_model.joblib
[INFO][2025-02-21 15:51:08,973] MLP_FP.py:308	--	模型加载成功，并且预测结果一致！
[INFO][2025-02-21 15:51:11,713] MLP_FP.py:232	--	Fold 7 Results:
[INFO][2025-02-21 15:51:11,713] MLP_FP.py:233	--	R2: 0.4813, Adjusted R2: 1.0331, MSE: 0.2337, RMSE: 0.4834, MAE: 0.3817, MAPE: 245.7391
[INFO][2025-02-21 15:51:11,713] MLP_FP.py:237	--	10折交叉验证平均指标：
[INFO][2025-02-21 15:51:11,713] MLP_FP.py:238	--	MSE: 0.2481
[INFO][2025-02-21 15:51:11,713] MLP_FP.py:239	--	RMSE: 0.4941
[INFO][2025-02-21 15:51:11,713] MLP_FP.py:240	--	R2: 0.3937
[INFO][2025-02-21 15:51:11,713] MLP_FP.py:241	--	Adjusted R2: 1.0393
[INFO][2025-02-21 15:51:11,713] MLP_FP.py:242	--	MAE: 0.3738
[INFO][2025-02-21 15:51:11,714] MLP_FP.py:243	--	MAPE: 200.51%
[INFO][2025-02-21 15:51:14,795] MLP_FP.py:272	--	单次训练/测试划分评估指标：
[INFO][2025-02-21 15:51:14,796] MLP_FP.py:273	--	训练集 -> MSE: 0.1211, RMSE: 0.3480, R2: 0.6915, Adjusted R2: 1.2995, MAE: 0.2725, MAPE: 154.10%
[INFO][2025-02-21 15:51:14,796] MLP_FP.py:275	--	测试集 -> MSE: 0.2195, RMSE: 0.4685, R2: 0.3587, Adjusted R2: 1.0894, MAE: 0.3336, MAPE: 244.56%
[INFO][2025-02-21 15:51:14,799] MLP_FP.py:287	--	训练集和测试集的预测结果已保存到 './result/mlp_fp_train_results.csv' 和 './result/mlp_fp_test_results.csv'
[INFO][2025-02-21 15:51:14,807] MLP_FP.py:299	--	模型已保存到: logbbModel\mlp_fp_model.joblib
[INFO][2025-02-21 15:51:14,816] MLP_FP.py:308	--	模型加载成功，并且预测结果一致！
[INFO][2025-02-21 15:51:17,552] MLP_FP.py:232	--	Fold 8 Results:
[INFO][2025-02-21 15:51:17,552] MLP_FP.py:233	--	R2: 0.1564, Adjusted R2: 1.0539, MSE: 0.2129, RMSE: 0.4614, MAE: 0.3563, MAPE: 204.8198
[INFO][2025-02-21 15:51:17,552] MLP_FP.py:237	--	10折交叉验证平均指标：
[INFO][2025-02-21 15:51:17,552] MLP_FP.py:238	--	MSE: 0.2437
[INFO][2025-02-21 15:51:17,553] MLP_FP.py:239	--	RMSE: 0.4900
[INFO][2025-02-21 15:51:17,553] MLP_FP.py:240	--	R2: 0.3641
[INFO][2025-02-21 15:51:17,553] MLP_FP.py:241	--	Adjusted R2: 1.0411
[INFO][2025-02-21 15:51:17,553] MLP_FP.py:242	--	MAE: 0.3716
[INFO][2025-02-21 15:51:17,553] MLP_FP.py:243	--	MAPE: 201.05%
[INFO][2025-02-21 15:51:20,465] MLP_FP.py:272	--	单次训练/测试划分评估指标：
[INFO][2025-02-21 15:51:20,465] MLP_FP.py:273	--	训练集 -> MSE: 0.1143, RMSE: 0.3382, R2: 0.7087, Adjusted R2: 1.2828, MAE: 0.2630, MAPE: 133.29%
[INFO][2025-02-21 15:51:20,465] MLP_FP.py:275	--	测试集 -> MSE: 0.2293, RMSE: 0.4789, R2: 0.3300, Adjusted R2: 1.0934, MAE: 0.3553, MAPE: 210.37%
[INFO][2025-02-21 15:51:20,469] MLP_FP.py:287	--	训练集和测试集的预测结果已保存到 './result/mlp_fp_train_results.csv' 和 './result/mlp_fp_test_results.csv'
[INFO][2025-02-21 15:51:20,476] MLP_FP.py:299	--	模型已保存到: logbbModel\mlp_fp_model.joblib
[INFO][2025-02-21 15:51:20,486] MLP_FP.py:308	--	模型加载成功，并且预测结果一致！
[INFO][2025-02-21 15:51:23,301] MLP_FP.py:232	--	Fold 9 Results:
[INFO][2025-02-21 15:51:23,301] MLP_FP.py:233	--	R2: 0.4546, Adjusted R2: 1.0348, MSE: 0.1694, RMSE: 0.4116, MAE: 0.3095, MAPE: 140.9092
[INFO][2025-02-21 15:51:23,301] MLP_FP.py:237	--	10折交叉验证平均指标：
[INFO][2025-02-21 15:51:23,301] MLP_FP.py:238	--	MSE: 0.2355
[INFO][2025-02-21 15:51:23,301] MLP_FP.py:239	--	RMSE: 0.4813
[INFO][2025-02-21 15:51:23,302] MLP_FP.py:240	--	R2: 0.3741
[INFO][2025-02-21 15:51:23,302] MLP_FP.py:241	--	Adjusted R2: 1.0404
[INFO][2025-02-21 15:51:23,302] MLP_FP.py:242	--	MAE: 0.3647
[INFO][2025-02-21 15:51:23,302] MLP_FP.py:243	--	MAPE: 194.36%
[INFO][2025-02-21 15:51:26,169] MLP_FP.py:272	--	单次训练/测试划分评估指标：
[INFO][2025-02-21 15:51:26,169] MLP_FP.py:273	--	训练集 -> MSE: 0.1301, RMSE: 0.3607, R2: 0.6685, Adjusted R2: 1.3219, MAE: 0.2783, MAPE: 146.10%
[INFO][2025-02-21 15:51:26,169] MLP_FP.py:275	--	测试集 -> MSE: 0.2240, RMSE: 0.4733, R2: 0.3455, Adjusted R2: 1.0912, MAE: 0.3598, MAPE: 224.77%
[INFO][2025-02-21 15:51:26,172] MLP_FP.py:287	--	训练集和测试集的预测结果已保存到 './result/mlp_fp_train_results.csv' 和 './result/mlp_fp_test_results.csv'
[INFO][2025-02-21 15:51:26,180] MLP_FP.py:299	--	模型已保存到: logbbModel\mlp_fp_model.joblib
[INFO][2025-02-21 15:51:26,190] MLP_FP.py:308	--	模型加载成功，并且预测结果一致！
[INFO][2025-02-21 15:51:28,798] MLP_FP.py:232	--	Fold 10 Results:
[INFO][2025-02-21 15:51:28,799] MLP_FP.py:233	--	R2: -0.0665, Adjusted R2: 1.0681, MSE: 0.1894, RMSE: 0.4351, MAE: 0.3518, MAPE: 341.5726
[INFO][2025-02-21 15:51:28,799] MLP_FP.py:237	--	10折交叉验证平均指标：
[INFO][2025-02-21 15:51:28,799] MLP_FP.py:238	--	MSE: 0.2309
[INFO][2025-02-21 15:51:28,799] MLP_FP.py:239	--	RMSE: 0.4767
[INFO][2025-02-21 15:51:28,799] MLP_FP.py:240	--	R2: 0.3301
[INFO][2025-02-21 15:51:28,799] MLP_FP.py:241	--	Adjusted R2: 1.0432
[INFO][2025-02-21 15:51:28,799] MLP_FP.py:242	--	MAE: 0.3634
[INFO][2025-02-21 15:51:28,799] MLP_FP.py:243	--	MAPE: 209.08%
[INFO][2025-02-21 15:51:31,662] MLP_FP.py:272	--	单次训练/测试划分评估指标：
[INFO][2025-02-21 15:51:31,662] MLP_FP.py:273	--	训练集 -> MSE: 0.1126, RMSE: 0.3356, R2: 0.7131, Adjusted R2: 1.2786, MAE: 0.2610, MAPE: 141.75%
[INFO][2025-02-21 15:51:31,662] MLP_FP.py:275	--	测试集 -> MSE: 0.2455, RMSE: 0.4954, R2: 0.2829, Adjusted R2: 1.0999, MAE: 0.3677, MAPE: 249.38%
[INFO][2025-02-21 15:51:31,664] MLP_FP.py:287	--	训练集和测试集的预测结果已保存到 './result/mlp_fp_train_results.csv' 和 './result/mlp_fp_test_results.csv'
[INFO][2025-02-21 15:51:31,669] MLP_FP.py:299	--	模型已保存到: logbbModel\mlp_fp_model.joblib
[INFO][2025-02-21 15:51:31,675] MLP_FP.py:308	--	模型加载成功，并且预测结果一致！
[INFO][2025-02-21 15:51:31,675] MLP_FP.py:311	--	最终测试集评估指标：
[INFO][2025-02-21 15:51:31,675] MLP_FP.py:312	--	测试集 -> MSE: 0.2455, RMSE: 0.4954, R2: 0.2829, Adjusted R2: 1.0999, MAE: 0.3677, MAPE: 249.38%
[INFO][2025-02-21 15:52:48,892] SVM_FP.py:140	--	===============启动 SVM 特征筛选及训练工作===============
[INFO][2025-02-21 15:52:48,897] SVM_FP.py:151	--	读取 545 条 SMILES 数据
[INFO][2025-02-21 15:52:56,722] MLP_FP.py:142	--	===============启动 MLP 特征筛选及训练工作===============
[INFO][2025-02-21 15:52:56,726] MLP_FP.py:153	--	读取 545 条 SMILES 数据
[INFO][2025-02-21 15:53:13,211] SVM_FP.py:155	--	生成了 545 条指纹数据，每个指纹有 882 位
[INFO][2025-02-21 15:53:13,265] SVM_FP.py:160	--	分子指纹生成并保存在: ../../data/logBB_data/logBB_w_desc_fp.csv
[INFO][2025-02-21 15:53:13,265] SVM_FP.py:161	--	生成的数据框形状: (545, 886)
[INFO][2025-02-21 15:53:13,299] SVM_FP.py:162	--	部分生成的指纹数据：
     Compound index  ... PubchemFP880
0  1713A-18F-FRB-D4  ...            0
1        42289-18F9  ...            0
2        1405A-18F8  ...            0
3        1405A-18F7  ...            0
4        1419C-18F3  ...            0

[5 rows x 886 columns]
[INFO][2025-02-21 15:53:18,745] SVM_FP.py:178	--	最优超参数: {'C': 0.07767860652426029, 'epsilon': 0.0017122715887085585, 'kernel': 'linear'}
[INFO][2025-02-21 15:53:18,808] SVM_FP.py:212	--	Fold 1 - MSE: 0.1517, RMSE: 0.3894, R2: 0.6117, Adjusted R2: 1.0253, MAE: 0.2953, MAPE: 119.70%
[INFO][2025-02-21 15:53:18,869] SVM_FP.py:212	--	Fold 2 - MSE: 0.2922, RMSE: 0.5405, R2: -0.0934, Adjusted R2: 1.0712, MAE: 0.4086, MAPE: 406.34%
[INFO][2025-02-21 15:53:18,935] SVM_FP.py:212	--	Fold 3 - MSE: 0.2775, RMSE: 0.5268, R2: 0.5337, Adjusted R2: 1.0304, MAE: 0.3939, MAPE: 242.76%
[INFO][2025-02-21 15:53:19,002] SVM_FP.py:212	--	Fold 4 - MSE: 0.2336, RMSE: 0.4833, R2: 0.4778, Adjusted R2: 1.0340, MAE: 0.3829, MAPE: 232.05%
[INFO][2025-02-21 15:53:19,072] SVM_FP.py:212	--	Fold 5 - MSE: 0.1622, RMSE: 0.4028, R2: 0.5454, Adjusted R2: 1.0296, MAE: 0.3044, MAPE: 94.78%
[INFO][2025-02-21 15:53:19,132] SVM_FP.py:212	--	Fold 6 - MSE: 0.2941, RMSE: 0.5423, R2: 0.3850, Adjusted R2: 1.0393, MAE: 0.4057, MAPE: 151.33%
[INFO][2025-02-21 15:53:19,199] SVM_FP.py:212	--	Fold 7 - MSE: 0.2422, RMSE: 0.4922, R2: 0.4624, Adjusted R2: 1.0343, MAE: 0.3628, MAPE: 209.11%
[INFO][2025-02-21 15:53:19,260] SVM_FP.py:212	--	Fold 8 - MSE: 0.2465, RMSE: 0.4965, R2: 0.0233, Adjusted R2: 1.0624, MAE: 0.3608, MAPE: 204.57%
[INFO][2025-02-21 15:53:19,333] SVM_FP.py:212	--	Fold 9 - MSE: 0.1600, RMSE: 0.4000, R2: 0.4849, Adjusted R2: 1.0329, MAE: 0.3132, MAPE: 152.23%
[INFO][2025-02-21 15:53:19,397] SVM_FP.py:212	--	Fold 10 - MSE: 0.1839, RMSE: 0.4288, R2: -0.0355, Adjusted R2: 1.0661, MAE: 0.3196, MAPE: 451.01%
[INFO][2025-02-21 15:53:19,397] SVM_FP.py:217	--	10折交叉验证平均指标：
[INFO][2025-02-21 15:53:19,397] SVM_FP.py:218	--	MSE: 0.2244
[INFO][2025-02-21 15:53:19,397] SVM_FP.py:219	--	RMSE: 0.4703
[INFO][2025-02-21 15:53:19,397] SVM_FP.py:220	--	R2: 0.3395
[INFO][2025-02-21 15:53:19,397] SVM_FP.py:221	--	Adjusted R2: 1.0426
[INFO][2025-02-21 15:53:19,397] SVM_FP.py:222	--	MAE: 0.3547
[INFO][2025-02-21 15:53:19,397] SVM_FP.py:223	--	MAPE: 226.39%
[INFO][2025-02-21 15:53:19,399] SVM_FP.py:230	--	将数据集按9:1划分为训练验证集(490个样本)和测试集(55个样本)
[INFO][2025-02-21 15:53:19,401] SVM_FP.py:236	--	将训练验证集按9:1划分为训练集(441个样本)和验证集(49个样本)
[INFO][2025-02-21 15:53:19,401] SVM_FP.py:239	--	
最终数据集划分:
[INFO][2025-02-21 15:53:19,401] SVM_FP.py:240	--	训练集: 441个样本 (80.9%) [应约为81%]
[INFO][2025-02-21 15:53:19,401] SVM_FP.py:241	--	验证集: 49个样本 (9.0%) [应约为9%]
[INFO][2025-02-21 15:53:19,401] SVM_FP.py:242	--	测试集: 55个样本 (10.1%) [应约为10%]
[INFO][2025-02-21 15:53:19,738] SVM_FP.py:276	--	最终评估指标：
[INFO][2025-02-21 15:53:19,738] SVM_FP.py:277	--	训练集 -> MSE: 0.0948, RMSE: 0.3080, R2: 0.7590, Adjusted R2: 1.2394, MAE: 0.1807, MAPE: 102.77%
[INFO][2025-02-21 15:53:19,738] SVM_FP.py:278	--	验证集 -> MSE: 0.2481, RMSE: 0.4981, R2: 0.0780, Adjusted R2: 1.0530, MAE: 0.3304, MAPE: 149.67%
[INFO][2025-02-21 15:53:19,738] SVM_FP.py:279	--	测试集 -> MSE: 0.1462, RMSE: 0.3824, R2: 0.6255, Adjusted R2: 1.0244, MAE: 0.2907, MAPE: 116.09%
[INFO][2025-02-21 15:53:19,743] SVM_FP.py:299	--	训练集、验证集和测试集的预测结果已保存到 './result/svm_fp_*_results.csv'
[INFO][2025-02-21 15:53:19,748] SVM_FP.py:313	--	模型已保存到: logbbModel\svm_fp_model.joblib
[INFO][2025-02-21 15:53:19,751] SVM_FP.py:318	--	模型已加载
[INFO][2025-02-21 15:53:21,835] MLP_FP.py:157	--	生成了 545 条指纹数据，每个指纹有 882 位
[INFO][2025-02-21 15:53:21,878] MLP_FP.py:162	--	分子指纹生成并保存在: ../../data/logBB_data/logBB_w_desc_fp.csv
[INFO][2025-02-21 15:53:21,878] MLP_FP.py:163	--	生成的数据框形状: (545, 886)
[INFO][2025-02-21 15:53:21,906] MLP_FP.py:164	--	部分生成的指纹数据：
     Compound index  ... PubchemFP880
0  1713A-18F-FRB-D4  ...            0
1        42289-18F9  ...            0
2        1405A-18F8  ...            0
3        1405A-18F7  ...            0
4        1419C-18F3  ...            0

[5 rows x 886 columns]
[INFO][2025-02-21 15:53:21,921] MLP_FP.py:180	--	将数据集按9:1划分为训练验证集(490个样本)和测试集(55个样本)
[INFO][2025-02-21 15:53:21,923] MLP_FP.py:186	--	将训练验证集按9:1划分为训练集(441个样本)和验证集(49个样本)
[INFO][2025-02-21 15:53:21,924] MLP_FP.py:189	--	
最终数据集划分:
[INFO][2025-02-21 15:53:21,924] MLP_FP.py:190	--	训练集: 441个样本 (80.9%) [应约为81%]
[INFO][2025-02-21 15:53:21,924] MLP_FP.py:191	--	验证集: 49个样本 (9.0%) [应约为9%]
[INFO][2025-02-21 15:53:21,924] MLP_FP.py:192	--	测试集: 55个样本 (10.1%) [应约为10%]
[INFO][2025-02-21 15:53:34,970] MLP_FP.py:198	--	最优超参数: {'hidden_layer_sizes': (150,), 'activation': 'relu', 'solver': 'sgd', 'learning_rate': 'adaptive'}
[INFO][2025-02-21 15:53:37,671] MLP_FP.py:231	--	Fold 1 Results: R2: 0.5784, Adjusted R2: 1.0275
[INFO][2025-02-21 15:53:40,225] MLP_FP.py:231	--	Fold 2 Results: R2: -0.0833, Adjusted R2: 1.0706
[INFO][2025-02-21 15:53:42,637] MLP_FP.py:231	--	Fold 3 Results: R2: 0.4949, Adjusted R2: 1.0329
[INFO][2025-02-21 15:53:45,128] MLP_FP.py:231	--	Fold 4 Results: R2: 0.3171, Adjusted R2: 1.0445
[INFO][2025-02-21 15:53:47,724] MLP_FP.py:231	--	Fold 5 Results: R2: 0.5615, Adjusted R2: 1.0286
[INFO][2025-02-21 15:53:50,381] MLP_FP.py:231	--	Fold 6 Results: R2: 0.3926, Adjusted R2: 1.0388
[INFO][2025-02-21 15:53:52,906] MLP_FP.py:231	--	Fold 7 Results: R2: 0.3938, Adjusted R2: 1.0387
[INFO][2025-02-21 15:53:55,554] MLP_FP.py:231	--	Fold 8 Results: R2: 0.1742, Adjusted R2: 1.0527
[INFO][2025-02-21 15:53:58,233] MLP_FP.py:231	--	Fold 9 Results: R2: 0.4995, Adjusted R2: 1.0320
[INFO][2025-02-21 15:54:00,898] MLP_FP.py:231	--	Fold 10 Results: R2: -0.0180, Adjusted R2: 1.0650
[INFO][2025-02-21 15:54:00,898] MLP_FP.py:235	--	10折交叉验证平均指标：
[INFO][2025-02-21 15:54:00,899] MLP_FP.py:236	--	MSE: 0.2325, RMSE: 0.4778, R2: 0.3311, Adjusted R2: 1.0431, MAE: 0.3680, MAPE: 209.93%
[INFO][2025-02-21 15:54:03,633] MLP_FP.py:258	--	最终测试集评估指标：
[INFO][2025-02-21 15:54:03,633] MLP_FP.py:259	--	测试集 -> MSE: 0.1951, RMSE: 0.4417, R2: 0.4299, Adjusted R2: 1.0794, MAE: 0.3248, MAPE: 236.99%
[INFO][2025-02-21 15:54:03,637] MLP_FP.py:270	--	训练集和测试集的预测结果已保存到 './result/mlp_fp_train_results.csv' 和 './result/mlp_fp_test_results.csv'
[INFO][2025-02-21 15:54:03,645] MLP_FP.py:282	--	模型已保存到: logbbModel\mlp_fp_model.joblib
[INFO][2025-02-21 15:54:03,653] MLP_FP.py:291	--	模型加载成功，并且预测结果一致！
